<?xml version="1.0" encoding="UTF-8"?>
<testng-results skipped="0" failed="0" ignored="0" total="7" passed="7">
  <reporter-output>
  </reporter-output>
  <suite name="Zoopla_Automation_Framework" duration-ms="207652" started-at="2020-01-18T14:15:03Z" finished-at="2020-01-18T14:18:31Z">
    <groups>
    </groups>
    <test name="Zoopla_Automation_Test" duration-ms="207652" started-at="2020-01-18T14:15:03Z" finished-at="2020-01-18T14:18:31Z">
      <class name="com.zoopla.qa.test.AgentPageTest">
        <test-method status="PASS" signature="setUp()[pri:0, instance:com.zoopla.qa.test.AgentPageTest@45be7cd5]" name="setUp" is-config="true" duration-ms="19802" started-at="2020-01-18T19:46:07Z" finished-at="2020-01-18T19:46:27Z">
          <reporter-output>
          </reporter-output>
        </test-method> <!-- setUp -->
        <test-method status="PASS" signature="validateAgentNameIsCorrect()[pri:1, instance:com.zoopla.qa.test.AgentPageTest@45be7cd5]" name="validateAgentNameIsCorrect" duration-ms="5066" started-at="2020-01-18T19:46:27Z" description="VALIDATE AGENT NAME" finished-at="2020-01-18T19:46:32Z">
          <reporter-output>
          </reporter-output>
        </test-method> <!-- validateAgentNameIsCorrect -->
        <test-method status="PASS" signature="teatDown()[pri:0, instance:com.zoopla.qa.test.AgentPageTest@45be7cd5]" name="teatDown" is-config="true" duration-ms="10497" started-at="2020-01-18T19:46:32Z" finished-at="2020-01-18T19:46:42Z">
          <reporter-output>
          </reporter-output>
        </test-method> <!-- teatDown -->
        <test-method status="PASS" signature="setUp()[pri:0, instance:com.zoopla.qa.test.AgentPageTest@45be7cd5]" name="setUp" is-config="true" duration-ms="16348" started-at="2020-01-18T19:47:32Z" finished-at="2020-01-18T19:47:49Z">
          <reporter-output>
          </reporter-output>
        </test-method> <!-- setUp -->
        <test-method status="PASS" signature="validateAgentPhoneNoIsCorrect()[pri:2, instance:com.zoopla.qa.test.AgentPageTest@45be7cd5]" name="validateAgentPhoneNoIsCorrect" duration-ms="5083" started-at="2020-01-18T19:47:49Z" description="VALIDATE AGENT PHONE NO." finished-at="2020-01-18T19:47:54Z">
          <reporter-output>
          </reporter-output>
        </test-method> <!-- validateAgentPhoneNoIsCorrect -->
        <test-method status="PASS" signature="teatDown()[pri:0, instance:com.zoopla.qa.test.AgentPageTest@45be7cd5]" name="teatDown" is-config="true" duration-ms="11486" started-at="2020-01-18T19:47:54Z" finished-at="2020-01-18T19:48:05Z">
          <reporter-output>
          </reporter-output>
        </test-method> <!-- teatDown -->
      </class> <!-- com.zoopla.qa.test.AgentPageTest -->
      <class name="com.zoopla.qa.test.PropertySearchResultPageTest">
        <test-method status="PASS" signature="setUp()[pri:0, instance:com.zoopla.qa.test.PropertySearchResultPageTest@63648ee9]" name="setUp" is-config="true" duration-ms="23905" started-at="2020-01-18T19:45:04Z" finished-at="2020-01-18T19:45:27Z">
          <reporter-output>
          </reporter-output>
        </test-method> <!-- setUp -->
        <test-method status="PASS" signature="getPropertyPriceListDescendingOrderTest()[pri:1, instance:com.zoopla.qa.test.PropertySearchResultPageTest@63648ee9]" name="getPropertyPriceListDescendingOrderTest" duration-ms="2510" started-at="2020-01-18T19:45:28Z" description="PRINT PROPERTIES PRICE IN DESCENDING ORDER" finished-at="2020-01-18T19:45:30Z">
          <reporter-output>
          </reporter-output>
        </test-method> <!-- getPropertyPriceListDescendingOrderTest -->
        <test-method status="PASS" signature="tearDown()[pri:0, instance:com.zoopla.qa.test.PropertySearchResultPageTest@63648ee9]" name="tearDown" is-config="true" duration-ms="11374" started-at="2020-01-18T19:45:30Z" finished-at="2020-01-18T19:45:42Z">
          <reporter-output>
          </reporter-output>
        </test-method> <!-- tearDown -->
        <test-method status="PASS" signature="setUp()[pri:0, instance:com.zoopla.qa.test.PropertySearchResultPageTest@63648ee9]" name="setUp" is-config="true" duration-ms="12287" started-at="2020-01-18T19:46:42Z" finished-at="2020-01-18T19:46:55Z">
          <reporter-output>
          </reporter-output>
        </test-method> <!-- setUp -->
        <test-method status="PASS" signature="selectFifthPropertyTest()[pri:2, instance:com.zoopla.qa.test.PropertySearchResultPageTest@63648ee9]" name="selectFifthPropertyTest" duration-ms="6460" started-at="2020-01-18T19:46:55Z" description="SELECT FIFTH PROPERTY IN THE LIST" finished-at="2020-01-18T19:47:01Z">
          <reporter-output>
          </reporter-output>
        </test-method> <!-- selectFifthPropertyTest -->
        <test-method status="PASS" signature="tearDown()[pri:0, instance:com.zoopla.qa.test.PropertySearchResultPageTest@63648ee9]" name="tearDown" is-config="true" duration-ms="6675" started-at="2020-01-18T19:47:01Z" finished-at="2020-01-18T19:47:08Z">
          <reporter-output>
          </reporter-output>
        </test-method> <!-- tearDown -->
      </class> <!-- com.zoopla.qa.test.PropertySearchResultPageTest -->
      <class name="com.zoopla.qa.test.PropertyDetailPageTest">
        <test-method status="PASS" signature="setUp()[pri:0, instance:com.zoopla.qa.test.PropertyDetailPageTest@68d6972f]" name="setUp" is-config="true" duration-ms="18939" started-at="2020-01-18T19:45:42Z" finished-at="2020-01-18T19:46:01Z">
          <reporter-output>
          </reporter-output>
        </test-method> <!-- setUp -->
        <test-method status="PASS" signature="isAgentLogoDisplayed()[pri:1, instance:com.zoopla.qa.test.PropertyDetailPageTest@68d6972f]" name="isAgentLogoDisplayed" duration-ms="65" started-at="2020-01-18T19:46:01Z" description="VALIDATE THAT AGENT LOGO IS DISPLAYED" finished-at="2020-01-18T19:46:01Z">
          <reporter-output>
          </reporter-output>
        </test-method> <!-- isAgentLogoDisplayed -->
        <test-method status="PASS" signature="tearDown()[pri:0, instance:com.zoopla.qa.test.PropertyDetailPageTest@68d6972f]" name="tearDown" is-config="true" duration-ms="6118" started-at="2020-01-18T19:46:01Z" finished-at="2020-01-18T19:46:07Z">
          <reporter-output>
          </reporter-output>
        </test-method> <!-- tearDown -->
        <test-method status="PASS" signature="setUp()[pri:0, instance:com.zoopla.qa.test.PropertyDetailPageTest@68d6972f]" name="setUp" is-config="true" duration-ms="16435" started-at="2020-01-18T19:47:08Z" finished-at="2020-01-18T19:47:24Z">
          <reporter-output>
          </reporter-output>
        </test-method> <!-- setUp -->
        <test-method status="PASS" signature="isAgentNameDisplayed()[pri:2, instance:com.zoopla.qa.test.PropertyDetailPageTest@68d6972f]" name="isAgentNameDisplayed" duration-ms="112" started-at="2020-01-18T19:47:24Z" description="VALIDATE THAT AGENT NAME IS DISPLAYED" finished-at="2020-01-18T19:47:25Z">
          <reporter-output>
          </reporter-output>
        </test-method> <!-- isAgentNameDisplayed -->
        <test-method status="PASS" signature="tearDown()[pri:0, instance:com.zoopla.qa.test.PropertyDetailPageTest@68d6972f]" name="tearDown" is-config="true" duration-ms="7938" started-at="2020-01-18T19:47:25Z" finished-at="2020-01-18T19:47:32Z">
          <reporter-output>
          </reporter-output>
        </test-method> <!-- tearDown -->
        <test-method status="PASS" signature="setUp()[pri:0, instance:com.zoopla.qa.test.PropertyDetailPageTest@68d6972f]" name="setUp" is-config="true" duration-ms="17448" started-at="2020-01-18T19:48:05Z" finished-at="2020-01-18T19:48:23Z">
          <reporter-output>
          </reporter-output>
        </test-method> <!-- setUp -->
        <test-method status="PASS" signature="isAgentPhoneNoDisplayed()[pri:3, instance:com.zoopla.qa.test.PropertyDetailPageTest@68d6972f]" name="isAgentPhoneNoDisplayed" duration-ms="155" started-at="2020-01-18T19:48:23Z" description="VALIDATE THAT AGENT PHONE NO. IS DISPLAYED" finished-at="2020-01-18T19:48:23Z">
          <reporter-output>
          </reporter-output>
        </test-method> <!-- isAgentPhoneNoDisplayed -->
        <test-method status="PASS" signature="tearDown()[pri:0, instance:com.zoopla.qa.test.PropertyDetailPageTest@68d6972f]" name="tearDown" is-config="true" duration-ms="8008" started-at="2020-01-18T19:48:23Z" finished-at="2020-01-18T19:48:31Z">
          <reporter-output>
          </reporter-output>
        </test-method> <!-- tearDown -->
      </class> <!-- com.zoopla.qa.test.PropertyDetailPageTest -->
    </test> <!-- Zoopla_Automation_Test -->
  </suite> <!-- Zoopla_Automation_Framework -->
</testng-results>
