<?xml version="1.0" encoding="UTF-8"?>
<!-- Generated by org.testng.reporters.JUnitXMLReporter -->
<testsuite hostname="WKWIN5154091" ignored="0" name="Zoopla_Automation_Test" tests="7" failures="0" timestamp="18 Jan 2020 14:18:31 GMT" time="207.652" errors="0">
  <testcase name="getPropertyPriceListDescendingOrderTest" time="2.51" classname="com.zoopla.qa.test.PropertySearchResultPageTest"/>
  <testcase name="isAgentLogoDisplayed" time="0.065" classname="com.zoopla.qa.test.PropertyDetailPageTest"/>
  <testcase name="validateAgentNameIsCorrect" time="5.066" classname="com.zoopla.qa.test.AgentPageTest"/>
  <testcase name="selectFifthPropertyTest" time="6.46" classname="com.zoopla.qa.test.PropertySearchResultPageTest"/>
  <testcase name="isAgentNameDisplayed" time="0.112" classname="com.zoopla.qa.test.PropertyDetailPageTest"/>
  <testcase name="validateAgentPhoneNoIsCorrect" time="5.083" classname="com.zoopla.qa.test.AgentPageTest"/>
  <testcase name="isAgentPhoneNoDisplayed" time="0.155" classname="com.zoopla.qa.test.PropertyDetailPageTest"/>
</testsuite> <!-- Zoopla_Automation_Test -->
