<?xml version="1.0" encoding="UTF-8"?>
<!-- Generated by org.testng.reporters.JUnitXMLReporter -->
<testsuite hostname="WKWIN5154091" ignored="0" name="Zoopla_Automation_Test" tests="7" failures="0" timestamp="21 Sep 2019 07:10:57 GMT" time="290.661" errors="0">
  <testcase name="getPropertyPriceListDescendingOrderTest" time="3.232" classname="com.zoopla.qa.test.PropertySearchResultPageTest"/>
  <testcase name="isAgentLogoDisplayed" time="0.164" classname="com.zoopla.qa.test.PropertyDetailPageTest"/>
  <testcase name="validateAgentNameIsCorrect" time="7.849" classname="com.zoopla.qa.test.AgentPageTest"/>
  <testcase name="selectFifthPropertyTest" time="13.897" classname="com.zoopla.qa.test.PropertySearchResultPageTest"/>
  <testcase name="isAgentNameDisplayed" time="0.095" classname="com.zoopla.qa.test.PropertyDetailPageTest"/>
  <testcase name="validateAgentPhoneNoIsCorrect" time="10.934" classname="com.zoopla.qa.test.AgentPageTest"/>
  <testcase name="isAgentPhoneNoDisplayed" time="0.091" classname="com.zoopla.qa.test.PropertyDetailPageTest"/>
</testsuite> <!-- Zoopla_Automation_Test -->
